<?xml version="1.0" encoding="utf-8"?><testsuites name="pytest tests"><testsuite name="pytest" errors="0" failures="0" skipped="0" tests="31" time="98.150" timestamp="2026-03-01T16:03:39.619689+00:00" hostname="agent-env-c35e9ce4-9ef7-4a69-9333-70a7e6ff38b5"><testcase classname="tests.test_new_features.TestProfileImageEndpoints" name="test_upload_profile_image_success" time="0.130" /><testcase classname="tests.test_new_features.TestProfileImageEndpoints" name="test_upload_profile_image_invalid_type" time="0.123" /><testcase classname="tests.test_new_features.TestProfileImageEndpoints" name="test_upload_profile_image_unauthenticated" time="0.103" /><testcase classname="tests.test_new_features.TestProfileImageEndpoints" name="test_delete_profile_image" time="0.235" /><testcase classname="tests.test_new_features.TestProfileImageEndpoints" name="test_profile_returns_image_field" time="0.105" /><testcase classname="tests.test_new_features.TestSearchHistoryEndpoints" name="test_get_search_history_empty" time="0.168" /><testcase classname="tests.test_new_features.TestSearchHistoryEndpoints" name="test_search_creates_history" time="3.764" /><testcase classname="tests.test_new_features.TestSearchHistoryEndpoints" name="test_search_history_limit_10" time="50.691" /><testcase classname="tests.test_new_features.TestSearchHistoryEndpoints" name="test_delete_single_history_item" time="5.479" /><testcase classname="tests.test_new_features.TestSearchHistoryEndpoints" name="test_delete_nonexistent_history_item" time="0.125" /><testcase classname="tests.test_new_features.TestSearchHistoryEndpoints" name="test_clear_all_history" time="12.842" /><testcase classname="tests.test_new_features.TestSearchHistoryEndpoints" name="test_search_history_unauthenticated" time="0.118" /><testcase classname="tests.test_new_features.TestStaticFileServing" name="test_uploads_directory_accessible" time="0.281" /><testcase classname="tests.test_new_features.TestSearchResultsProfileImage" name="test_search_results_include_profile_image" time="4.544" /><testcase classname="tests.test_supernetwork_api.TestAuthEndpoints" name="test_auth_me_success" time="0.117" /><testcase classname="tests.test_supernetwork_api.TestAuthEndpoints" name="test_auth_me_unauthenticated" time="0.136" /><testcase classname="tests.test_supernetwork_api.TestProfileEndpoints" name="test_profile_me_success" time="0.092" /><testcase classname="tests.test_supernetwork_api.TestProfileEndpoints" name="test_profile_me_unauthenticated" time="0.107" /><testcase classname="tests.test_supernetwork_api.TestProfileEndpoints" name="test_profile_completeness" time="0.109" /><testcase classname="tests.test_supernetwork_api.TestProfileEndpoints" name="test_get_profile_by_id" time="0.145" /><testcase classname="tests.test_supernetwork_api.TestProfileEndpoints" name="test_get_profile_not_found" time="0.108" /><testcase classname="tests.test_supernetwork_api.TestSearchEndpoint" name="test_search_basic" time="3.918" /><testcase classname="tests.test_supernetwork_api.TestSearchEndpoint" name="test_search_with_role_filter" time="4.188" /><testcase classname="tests.test_supernetwork_api.TestSearchEndpoint" name="test_search_result_structure" time="4.845" /><testcase classname="tests.test_supernetwork_api.TestSearchEndpoint" name="test_search_unauthenticated" time="0.119" /><testcase classname="tests.test_supernetwork_api.TestConnectionEndpoints" name="test_get_my_connections" time="0.108" /><testcase classname="tests.test_supernetwork_api.TestConnectionEndpoints" name="test_connection_request_to_nonexistent_profile" time="0.137" /><testcase classname="tests.test_supernetwork_api.TestConnectionEndpoints" name="test_connection_request_success" time="4.690" /><testcase classname="tests.test_supernetwork_api.TestMessagesEndpoints" name="test_get_conversations" time="0.106" /><testcase classname="tests.test_supernetwork_api.TestMessagesEndpoints" name="test_send_message_not_connected" time="0.109" /><testcase classname="tests.test_supernetwork_api.TestVisibilityEndpoint" name="test_visibility_toggle" time="0.326" /></testsuite></testsuites>