<?xml version="1.0" encoding="utf-8"?><testsuites name="pytest tests"><testsuite name="pytest" errors="0" failures="0" skipped="0" tests="17" time="17.262" timestamp="2026-03-01T15:34:40.060712+00:00" hostname="agent-env-c35e9ce4-9ef7-4a69-9333-70a7e6ff38b5"><testcase classname="test_supernetwork_api.TestAuthEndpoints" name="test_auth_me_success" time="0.153" /><testcase classname="test_supernetwork_api.TestAuthEndpoints" name="test_auth_me_unauthenticated" time="0.138" /><testcase classname="test_supernetwork_api.TestProfileEndpoints" name="test_profile_me_success" time="0.106" /><testcase classname="test_supernetwork_api.TestProfileEndpoints" name="test_profile_me_unauthenticated" time="0.103" /><testcase classname="test_supernetwork_api.TestProfileEndpoints" name="test_profile_completeness" time="0.104" /><testcase classname="test_supernetwork_api.TestProfileEndpoints" name="test_get_profile_by_id" time="0.100" /><testcase classname="test_supernetwork_api.TestProfileEndpoints" name="test_get_profile_not_found" time="0.108" /><testcase classname="test_supernetwork_api.TestSearchEndpoint" name="test_search_basic" time="4.166" /><testcase classname="test_supernetwork_api.TestSearchEndpoint" name="test_search_with_role_filter" time="3.698" /><testcase classname="test_supernetwork_api.TestSearchEndpoint" name="test_search_result_structure" time="3.655" /><testcase classname="test_supernetwork_api.TestSearchEndpoint" name="test_search_unauthenticated" time="0.120" /><testcase classname="test_supernetwork_api.TestConnectionEndpoints" name="test_get_my_connections" time="0.115" /><testcase classname="test_supernetwork_api.TestConnectionEndpoints" name="test_connection_request_to_nonexistent_profile" time="0.096" /><testcase classname="test_supernetwork_api.TestConnectionEndpoints" name="test_connection_request_success" time="4.010" /><testcase classname="test_supernetwork_api.TestMessagesEndpoints" name="test_get_conversations" time="0.122" /><testcase classname="test_supernetwork_api.TestMessagesEndpoints" name="test_send_message_not_connected" time="0.098" /><testcase classname="test_supernetwork_api.TestVisibilityEndpoint" name="test_visibility_toggle" time="0.252" /></testsuite></testsuites>